[2017-12-01T17:32:55.161] [ERROR] default - Fri, 01 Dec 2017 09:32:55 GMT GET / 404 10
[2017-12-01T20:16:47.331] [ERROR] default - Fri, 01 Dec 2017 12:16:47 GMT GET / 404 4
[2017-12-01T21:01:32.157] [ERROR] default - Fri, 01 Dec 2017 13:01:32 GMT GET / 404 4
[2017-12-02T18:52:03.774] [ERROR] default - Sat, 02 Dec 2017 10:52:03 GMT GET /a2billing/common/javascript/misc.js 404 2
[2017-12-02T20:45:12.561] [ERROR] default - Sat, 02 Dec 2017 12:45:12 GMT GET / 404 2
[2017-12-03T19:31:51.954] [ERROR] default - Sun, 03 Dec 2017 11:31:51 GMT GET / 404 2
[2017-12-03T20:57:46.431] [ERROR] default - Sun, 03 Dec 2017 12:57:46 GMT GET / 404 3
[2017-12-03T22:02:38.102] [ERROR] default - Sun, 03 Dec 2017 14:02:38 GMT GET / 404 2
[2017-12-04T05:05:57.585] [ERROR] default - Sun, 03 Dec 2017 21:05:57 GMT GET / 404 1
[2017-12-04T05:06:26.570] [ERROR] default - Sun, 03 Dec 2017 21:06:26 GMT GET / 404 2
[2017-12-04T06:06:43.729] [ERROR] default - Sun, 03 Dec 2017 22:06:43 GMT GET / 404 2
[2017-12-04T07:10:42.715] [ERROR] default - Sun, 03 Dec 2017 23:10:42 GMT GET / 404 2
[2017-12-04T07:10:44.040] [ERROR] default - Sun, 03 Dec 2017 23:10:44 GMT GET /favicon.ico 404 3
[2017-12-04T08:52:16.832] [ERROR] default - Mon, 04 Dec 2017 00:52:16 GMT GET / 404 2
[2017-12-04T11:46:36.930] [ERROR] default - not login
[2017-12-04T11:46:36.973] [ERROR] default - Mon, 04 Dec 2017 03:46:36 GMT POST /api/folders/5a24b4e77ead670d9875c663/photos 500 55
[2017-12-04T11:46:37.718] [ERROR] default - not login
[2017-12-04T11:46:37.721] [ERROR] default - Mon, 04 Dec 2017 03:46:37 GMT POST /api/folders/5a24b4e77ead670d9875c663/photos 500 12
[2017-12-04T11:46:38.502] [ERROR] default - not login
[2017-12-04T11:46:38.507] [ERROR] default - Mon, 04 Dec 2017 03:46:38 GMT POST /api/folders/5a24b4e77ead670d9875c663/photos 500 19
[2017-12-04T12:54:38.551] [ERROR] default - Mon, 04 Dec 2017 04:54:38 GMT GET /a2billing/common/javascript/misc.js 404 2
[2017-12-04T16:02:07.287] [ERROR] default - Mon, 04 Dec 2017 08:02:07 GMT GET / 404 2
[2017-12-04T20:49:32.516] [ERROR] default - Mon, 04 Dec 2017 12:49:32 GMT GET / 404 2
[2017-12-04T22:30:42.464] [ERROR] default - Mon, 04 Dec 2017 14:30:42 GMT GET / 404 2
[2017-12-04T22:38:50.420] [ERROR] default - Mon, 04 Dec 2017 14:38:50 GMT GET / 404 2
[2017-12-04T22:51:08.957] [ERROR] default - not login
[2017-12-04T22:51:08.960] [ERROR] default - Mon, 04 Dec 2017 14:51:08 GMT GET /api/folders 500 5
[2017-12-05T00:27:28.413] [ERROR] default - Mon, 04 Dec 2017 16:27:28 GMT GET / 404 1
[2017-12-05T01:10:47.322] [ERROR] default - Mon, 04 Dec 2017 17:10:47 GMT GET / 404 1
[2017-12-05T02:25:53.829] [ERROR] default - Mon, 04 Dec 2017 18:25:53 GMT GET /a2billing/common/javascript/misc.js 404 3
[2017-12-05T03:40:20.162] [ERROR] default - Mon, 04 Dec 2017 19:40:20 GMT GET http://www.qq.com/404/search_children.js 404 3
[2017-12-05T08:02:03.843] [ERROR] default - Tue, 05 Dec 2017 00:02:03 GMT GET / 404 2
[2017-12-05T15:01:42.129] [ERROR] default - Tue, 05 Dec 2017 07:01:42 GMT GET / 404 4
[2017-12-05T22:35:30.470] [ERROR] default - Tue, 05 Dec 2017 14:35:30 GMT GET / 404 1
[2017-12-06T10:24:10.369] [ERROR] default - Wed, 06 Dec 2017 02:24:10 GMT GET / 404 7
[2017-12-06T13:21:09.125] [ERROR] default - Wed, 06 Dec 2017 05:21:09 GMT GET /a2billing/common/javascript/misc.js 404 2
[2017-12-06T21:08:49.932] [ERROR] default - Wed, 06 Dec 2017 13:08:49 GMT GET / 404 2
[2017-12-07T01:31:31.652] [ERROR] default - Wed, 06 Dec 2017 17:31:31 GMT GET / 404 2
[2017-12-07T06:16:11.173] [ERROR] default - Wed, 06 Dec 2017 22:16:11 GMT GET / 404 3
[2017-12-07T17:42:46.736] [ERROR] default - Thu, 07 Dec 2017 09:42:46 GMT GET / 404 5
